<?xml version="1.0" encoding="UTF-8"?>
<testng-results ignored="0" total="3" passed="3" failed="0" skipped="0">
  <reporter-output>
  </reporter-output>
  <suite started-at="2023-06-20T00:27:11 PDT" name="Default suite" finished-at="2023-06-20T00:27:33 PDT" duration-ms="21793">
    <groups>
      <group name="cucumber">
        <method signature="AbstractTestNGCucumberTests.runScenario(io.cucumber.testng.PickleWrapper,io.cucumber.testng.FeatureWrapper)[pri:0, instance:com.automation.runners.SalesforceRunner@51c668e3]" name="runScenario" class="io.cucumber.testng.AbstractTestNGCucumberTests"/>
      </group> <!-- cucumber -->
    </groups>
    <test started-at="2023-06-20T00:27:11 PDT" name="Default test" finished-at="2023-06-20T00:27:33 PDT" duration-ms="21793">
      <class name="com.automation.runners.SalesforceRunner">
        <test-method is-config="true" signature="setUpClass(org.testng.ITestContext)[pri:0, instance:com.automation.runners.SalesforceRunner@51c668e3]" started-at="2023-06-20T00:27:11 PDT" name="setUpClass" finished-at="2023-06-20T00:27:11 PDT" duration-ms="429" status="PASS">
          <params>
            <param index="0">
              <value>
                <![CDATA[org.testng.TestRunner@315c081]]>
              </value>
            </param>
          </params>
          <reporter-output>
          </reporter-output>
        </test-method> <!-- setUpClass -->
        <test-method signature="runScenario(io.cucumber.testng.PickleWrapper,io.cucumber.testng.FeatureWrapper)[pri:0, instance:com.automation.runners.SalesforceRunner@51c668e3]" started-at="2023-06-20T00:27:11 PDT" name="runScenario" description="Runs Cucumber Scenarios" data-provider="scenarios" finished-at="2023-06-20T00:27:21 PDT" duration-ms="9545" status="PASS">
          <params>
            <param index="0">
              <value>
                <![CDATA["Login with valid user and valid password"]]>
              </value>
            </param>
            <param index="1">
              <value>
                <![CDATA["Login into firebase application"]]>
              </value>
            </param>
          </params>
          <reporter-output>
          </reporter-output>
        </test-method> <!-- runScenario -->
        <test-method signature="runScenario(io.cucumber.testng.PickleWrapper,io.cucumber.testng.FeatureWrapper)[pri:0, instance:com.automation.runners.SalesforceRunner@51c668e3]" started-at="2023-06-20T00:27:21 PDT" name="runScenario" description="Runs Cucumber Scenarios" data-provider="scenarios" finished-at="2023-06-20T00:27:24 PDT" duration-ms="2998" status="PASS">
          <params>
            <param index="0">
              <value>
                <![CDATA["Login Error message valid user and clear password"]]>
              </value>
            </param>
            <param index="1">
              <value>
                <![CDATA["Login into firebase application"]]>
              </value>
            </param>
          </params>
          <reporter-output>
          </reporter-output>
        </test-method> <!-- runScenario -->
        <test-method signature="runScenario(io.cucumber.testng.PickleWrapper,io.cucumber.testng.FeatureWrapper)[pri:0, instance:com.automation.runners.SalesforceRunner@51c668e3]" started-at="2023-06-20T00:27:24 PDT" name="runScenario" description="Runs Cucumber Scenarios" data-provider="scenarios" finished-at="2023-06-20T00:27:32 PDT" duration-ms="8769" status="PASS">
          <params>
            <param index="0">
              <value>
                <![CDATA["Successful login by checking remember me"]]>
              </value>
            </param>
            <param index="1">
              <value>
                <![CDATA["Login into firebase application"]]>
              </value>
            </param>
          </params>
          <reporter-output>
          </reporter-output>
        </test-method> <!-- runScenario -->
        <test-method is-config="true" signature="tearDownClass()[pri:0, instance:com.automation.runners.SalesforceRunner@51c668e3]" started-at="2023-06-20T00:27:32 PDT" name="tearDownClass" finished-at="2023-06-20T00:27:33 PDT" duration-ms="10" status="PASS">
          <reporter-output>
          </reporter-output>
        </test-method> <!-- tearDownClass -->
      </class> <!-- com.automation.runners.SalesforceRunner -->
    </test> <!-- Default test -->
  </suite> <!-- Default suite -->
</testng-results>
